Running php-build composer
WARNING! Your password will be stored unencrypted in /home/runner/.docker/config.json.
Configure a credential helper to remove this warning. See
https://docs.docker.com/engine/reference/commandline/login/#credentials-store

Login Succeeded
Pulling docker.pkg.github.com/toitware/api-php/php-actions_composer_api-php:php-latest-build2
WARNING: ⚠️ Failed to pull manifest by the resolved digest. This registry does not
	appear to conform to the distribution registry specification; falling back to
	pull by tag.  This fallback is DEPRECATED, and will be removed in a future
	release.  Please contact admins of https://docker.pkg.github.com. ⚠️

php-latest-build2: Pulling from toitware/api-php/php-actions_composer_api-php
a0d0a0d46f8b: Already exists
153eea49496a: Pulling fs layer
11efd0df1fcb: Pulling fs layer
b3f3214c344d: Pulling fs layer
b030db4cf62f: Pulling fs layer
5add8d0d1091: Pulling fs layer
4061c20798a1: Pulling fs layer
af9c648d2e05: Pulling fs layer
fdb1a2e635da: Pulling fs layer
e7c7730fbe87: Pulling fs layer
b030db4cf62f: Waiting
5add8d0d1091: Waiting
4061c20798a1: Waiting
af9c648d2e05: Waiting
fdb1a2e635da: Waiting
e7c7730fbe87: Waiting
11efd0df1fcb: Verifying Checksum
11efd0df1fcb: Download complete
b3f3214c344d: Verifying Checksum
b3f3214c344d: Download complete
153eea49496a: Verifying Checksum
153eea49496a: Download complete
153eea49496a: Pull complete
5add8d0d1091: Verifying Checksum
5add8d0d1091: Download complete
11efd0df1fcb: Pull complete
b3f3214c344d: Pull complete
b030db4cf62f: Download complete
4061c20798a1: Verifying Checksum
4061c20798a1: Download complete
b030db4cf62f: Pull complete
af9c648d2e05: Verifying Checksum
af9c648d2e05: Download complete
5add8d0d1091: Pull complete
fdb1a2e635da: Verifying Checksum
fdb1a2e635da: Download complete
e7c7730fbe87: Verifying Checksum
e7c7730fbe87: Download complete
4061c20798a1: Pull complete
af9c648d2e05: Pull complete
fdb1a2e635da: Pull complete
e7c7730fbe87: Pull complete
Digest: sha256:2bb01c6d5eda1a0675868d69e1820117d9fe8cf6f9710f8a29ed23d5b3439145
Status: Downloaded newer image for docker.pkg.github.com/toitware/api-php/php-actions_composer_api-php:php-latest-build2
docker.pkg.github.com/toitware/api-php/php-actions_composer_api-php:php-latest-build2
Docker tag: docker.pkg.github.com/toitware/api-php/php-actions_composer_api-php:php-latest-build2
No private keys supplied
Command: composer install --no-progress --no-interaction
Skipping env variable PWD
Skipping env variable HOME
Skipping env variable SHLVL
Skipping env variable PATH
